{
 "id": "fc2d6ec7-8a0e-4182-8b1c-52099e990dc1",
 "name": "error",
 "message": "insert into \"accounts\" (\"invalid\", \"name\", \"user_id\") values ($1, $2, $3) returning * - column \"invalid\" of relation \"accounts\" does not exist",
 "stack": "error: column \"invalid\" of relation \"accounts\" does not exist\n    at Connection.parseE (C:\\Users\\williams.silva\\Documents\\projects\\js\\seubarriga\\node_modules\\pg\\lib\\connection.js:554:11)\n    at Connection.parseMessage (C:\\Users\\williams.silva\\Documents\\projects\\js\\seubarriga\\node_modules\\pg\\lib\\connection.js:379:19)\n    at Socket.<anonymous> (C:\\Users\\williams.silva\\Documents\\projects\\js\\seubarriga\\node_modules\\pg\\lib\\connection.js:119:22)\n    at Socket.emit (events.js:189:13)\n    at addChunk (_stream_readable.js:284:12)\n    at readableAddChunk (_stream_readable.js:265:11)\n    at Socket.Readable.push (_stream_readable.js:220:10)\n    at TCP.onStreamRead [as onread] (internal/stream_base_commons.js:94:17)",
 "level": "warn",
 "timestamp": "2019-04-24T21:18:07.779Z"
}
{
 "id": "93d5ee7b-dfeb-4784-af45-fb8c741d6baf",
 "name": "error",
 "message": "insert into \"accounts\" (\"invalid\", \"name\", \"user_id\") values ($1, $2, $3) returning * - column \"invalid\" of relation \"accounts\" does not exist",
 "stack": "error: column \"invalid\" of relation \"accounts\" does not exist\n    at Connection.parseE (C:\\Users\\williams.silva\\Documents\\projects\\js\\seubarriga\\node_modules\\pg\\lib\\connection.js:554:11)\n    at Connection.parseMessage (C:\\Users\\williams.silva\\Documents\\projects\\js\\seubarriga\\node_modules\\pg\\lib\\connection.js:379:19)\n    at Socket.<anonymous> (C:\\Users\\williams.silva\\Documents\\projects\\js\\seubarriga\\node_modules\\pg\\lib\\connection.js:119:22)\n    at Socket.emit (events.js:189:13)\n    at addChunk (_stream_readable.js:284:12)\n    at readableAddChunk (_stream_readable.js:265:11)\n    at Socket.Readable.push (_stream_readable.js:220:10)\n    at TCP.onStreamRead [as onread] (internal/stream_base_commons.js:94:17)",
 "level": "warn",
 "timestamp": "2019-04-24T21:18:45.092Z"
}
{
 "id": "b10a8382-a937-40c7-880c-99693871a1ef",
 "name": "TypeError",
 "message": "Cannot read property 'id' of undefined",
 "stack": "TypeError: Cannot read property 'id' of undefined\n    at router.get (C:\\Users\\williams.silva\\Documents\\projects\\js\\seubarriga\\src\\routes\\accounts.js:22:43)\n    at Layer.handle [as handle_request] (C:\\Users\\williams.silva\\Documents\\projects\\js\\seubarriga\\node_modules\\express\\lib\\router\\layer.js:95:5)\n    at next (C:\\Users\\williams.silva\\Documents\\projects\\js\\seubarriga\\node_modules\\express\\lib\\router\\route.js:137:13)\n    at Route.dispatch (C:\\Users\\williams.silva\\Documents\\projects\\js\\seubarriga\\node_modules\\express\\lib\\router\\route.js:112:3)\n    at Layer.handle [as handle_request] (C:\\Users\\williams.silva\\Documents\\projects\\js\\seubarriga\\node_modules\\express\\lib\\router\\layer.js:95:5)\n    at C:\\Users\\williams.silva\\Documents\\projects\\js\\seubarriga\\node_modules\\express\\lib\\router\\index.js:281:22\n    at Function.process_params (C:\\Users\\williams.silva\\Documents\\projects\\js\\seubarriga\\node_modules\\express\\lib\\router\\index.js:335:12)\n    at next (C:\\Users\\williams.silva\\Documents\\projects\\js\\seubarriga\\node_modules\\express\\lib\\router\\index.js:275:10)\n    at Function.handle (C:\\Users\\williams.silva\\Documents\\projects\\js\\seubarriga\\node_modules\\express\\lib\\router\\index.js:174:3)\n    at router (C:\\Users\\williams.silva\\Documents\\projects\\js\\seubarriga\\node_modules\\express\\lib\\router\\index.js:47:12)\n    at Layer.handle [as handle_request] (C:\\Users\\williams.silva\\Documents\\projects\\js\\seubarriga\\node_modules\\express\\lib\\router\\layer.js:95:5)\n    at trim_prefix (C:\\Users\\williams.silva\\Documents\\projects\\js\\seubarriga\\node_modules\\express\\lib\\router\\index.js:317:13)\n    at C:\\Users\\williams.silva\\Documents\\projects\\js\\seubarriga\\node_modules\\express\\lib\\router\\index.js:284:7\n    at Function.process_params (C:\\Users\\williams.silva\\Documents\\projects\\js\\seubarriga\\node_modules\\express\\lib\\router\\index.js:335:12)\n    at next (C:\\Users\\williams.silva\\Documents\\projects\\js\\seubarriga\\node_modules\\express\\lib\\router\\index.js:275:10)\n    at Function.handle (C:\\Users\\williams.silva\\Documents\\projects\\js\\seubarriga\\node_modules\\express\\lib\\router\\index.js:174:3)",
 "level": "warn",
 "timestamp": "2019-04-25T16:58:37.037Z"
}
{
 "id": "f6467461-0dc9-4a1b-9461-d20e2f44c4a5",
 "name": "TypeError",
 "message": "Cannot read property 'id' of undefined",
 "stack": "TypeError: Cannot read property 'id' of undefined\n    at router.get (C:\\Users\\williams.silva\\Documents\\projects\\js\\seubarriga\\src\\routes\\accounts.js:22:43)\n    at Layer.handle [as handle_request] (C:\\Users\\williams.silva\\Documents\\projects\\js\\seubarriga\\node_modules\\express\\lib\\router\\layer.js:95:5)\n    at next (C:\\Users\\williams.silva\\Documents\\projects\\js\\seubarriga\\node_modules\\express\\lib\\router\\route.js:137:13)\n    at Route.dispatch (C:\\Users\\williams.silva\\Documents\\projects\\js\\seubarriga\\node_modules\\express\\lib\\router\\route.js:112:3)\n    at Layer.handle [as handle_request] (C:\\Users\\williams.silva\\Documents\\projects\\js\\seubarriga\\node_modules\\express\\lib\\router\\layer.js:95:5)\n    at C:\\Users\\williams.silva\\Documents\\projects\\js\\seubarriga\\node_modules\\express\\lib\\router\\index.js:281:22\n    at Function.process_params (C:\\Users\\williams.silva\\Documents\\projects\\js\\seubarriga\\node_modules\\express\\lib\\router\\index.js:335:12)\n    at next (C:\\Users\\williams.silva\\Documents\\projects\\js\\seubarriga\\node_modules\\express\\lib\\router\\index.js:275:10)\n    at Function.handle (C:\\Users\\williams.silva\\Documents\\projects\\js\\seubarriga\\node_modules\\express\\lib\\router\\index.js:174:3)\n    at router (C:\\Users\\williams.silva\\Documents\\projects\\js\\seubarriga\\node_modules\\express\\lib\\router\\index.js:47:12)\n    at Layer.handle [as handle_request] (C:\\Users\\williams.silva\\Documents\\projects\\js\\seubarriga\\node_modules\\express\\lib\\router\\layer.js:95:5)\n    at trim_prefix (C:\\Users\\williams.silva\\Documents\\projects\\js\\seubarriga\\node_modules\\express\\lib\\router\\index.js:317:13)\n    at C:\\Users\\williams.silva\\Documents\\projects\\js\\seubarriga\\node_modules\\express\\lib\\router\\index.js:284:7\n    at Function.process_params (C:\\Users\\williams.silva\\Documents\\projects\\js\\seubarriga\\node_modules\\express\\lib\\router\\index.js:335:12)\n    at next (C:\\Users\\williams.silva\\Documents\\projects\\js\\seubarriga\\node_modules\\express\\lib\\router\\index.js:275:10)\n    at Function.handle (C:\\Users\\williams.silva\\Documents\\projects\\js\\seubarriga\\node_modules\\express\\lib\\router\\index.js:174:3)",
 "level": "warn",
 "timestamp": "2019-04-25T16:59:21.939Z"
}
{
 "id": "afd52d4b-0ef4-424e-a1c0-df8567e44ccd",
 "name": "TypeError",
 "message": "Cannot read property 'id' of undefined",
 "stack": "TypeError: Cannot read property 'id' of undefined\n    at app.services.account.find.then (C:\\Users\\williams.silva\\Documents\\projects\\js\\seubarriga\\src\\routes\\accounts.js:10:38)\n    at tryCatcher (C:\\Users\\williams.silva\\Documents\\projects\\js\\seubarriga\\node_modules\\bluebird\\js\\release\\util.js:16:23)\n    at Promise._settlePromiseFromHandler (C:\\Users\\williams.silva\\Documents\\projects\\js\\seubarriga\\node_modules\\bluebird\\js\\release\\promise.js:512:31)\n    at Promise._settlePromise (C:\\Users\\williams.silva\\Documents\\projects\\js\\seubarriga\\node_modules\\bluebird\\js\\release\\promise.js:569:18)\n    at Promise._settlePromise0 (C:\\Users\\williams.silva\\Documents\\projects\\js\\seubarriga\\node_modules\\bluebird\\js\\release\\promise.js:614:10)\n    at Promise._settlePromises (C:\\Users\\williams.silva\\Documents\\projects\\js\\seubarriga\\node_modules\\bluebird\\js\\release\\promise.js:694:18)\n    at _drainQueueStep (C:\\Users\\williams.silva\\Documents\\projects\\js\\seubarriga\\node_modules\\bluebird\\js\\release\\async.js:138:12)\n    at _drainQueue (C:\\Users\\williams.silva\\Documents\\projects\\js\\seubarriga\\node_modules\\bluebird\\js\\release\\async.js:131:9)\n    at Async._drainQueues (C:\\Users\\williams.silva\\Documents\\projects\\js\\seubarriga\\node_modules\\bluebird\\js\\release\\async.js:147:5)\n    at Immediate.Async.drainQueues [as _onImmediate] (C:\\Users\\williams.silva\\Documents\\projects\\js\\seubarriga\\node_modules\\bluebird\\js\\release\\async.js:17:14)\n    at runCallback (timers.js:705:18)\n    at tryOnImmediate (timers.js:676:5)\n    at processImmediate (timers.js:658:5)",
 "level": "warn",
 "timestamp": "2019-04-25T16:59:29.423Z"
}
{
 "id": "fcdba3d4-3aee-4a8a-b0bf-50953d3e5378",
 "name": "TypeError",
 "message": "Cannot read property 'id' of undefined",
 "stack": "TypeError: Cannot read property 'id' of undefined\n    at router.get (C:\\Users\\williams.silva\\Documents\\projects\\js\\seubarriga\\src\\routes\\accounts.js:22:43)\n    at Layer.handle [as handle_request] (C:\\Users\\williams.silva\\Documents\\projects\\js\\seubarriga\\node_modules\\express\\lib\\router\\layer.js:95:5)\n    at next (C:\\Users\\williams.silva\\Documents\\projects\\js\\seubarriga\\node_modules\\express\\lib\\router\\route.js:137:13)\n    at Route.dispatch (C:\\Users\\williams.silva\\Documents\\projects\\js\\seubarriga\\node_modules\\express\\lib\\router\\route.js:112:3)\n    at Layer.handle [as handle_request] (C:\\Users\\williams.silva\\Documents\\projects\\js\\seubarriga\\node_modules\\express\\lib\\router\\layer.js:95:5)\n    at C:\\Users\\williams.silva\\Documents\\projects\\js\\seubarriga\\node_modules\\express\\lib\\router\\index.js:281:22\n    at Function.process_params (C:\\Users\\williams.silva\\Documents\\projects\\js\\seubarriga\\node_modules\\express\\lib\\router\\index.js:335:12)\n    at next (C:\\Users\\williams.silva\\Documents\\projects\\js\\seubarriga\\node_modules\\express\\lib\\router\\index.js:275:10)\n    at Function.handle (C:\\Users\\williams.silva\\Documents\\projects\\js\\seubarriga\\node_modules\\express\\lib\\router\\index.js:174:3)\n    at router (C:\\Users\\williams.silva\\Documents\\projects\\js\\seubarriga\\node_modules\\express\\lib\\router\\index.js:47:12)\n    at Layer.handle [as handle_request] (C:\\Users\\williams.silva\\Documents\\projects\\js\\seubarriga\\node_modules\\express\\lib\\router\\layer.js:95:5)\n    at trim_prefix (C:\\Users\\williams.silva\\Documents\\projects\\js\\seubarriga\\node_modules\\express\\lib\\router\\index.js:317:13)\n    at C:\\Users\\williams.silva\\Documents\\projects\\js\\seubarriga\\node_modules\\express\\lib\\router\\index.js:284:7\n    at Function.process_params (C:\\Users\\williams.silva\\Documents\\projects\\js\\seubarriga\\node_modules\\express\\lib\\router\\index.js:335:12)\n    at next (C:\\Users\\williams.silva\\Documents\\projects\\js\\seubarriga\\node_modules\\express\\lib\\router\\index.js:275:10)\n    at Function.handle (C:\\Users\\williams.silva\\Documents\\projects\\js\\seubarriga\\node_modules\\express\\lib\\router\\index.js:174:3)",
 "level": "warn",
 "timestamp": "2019-04-25T17:01:17.865Z"
}
{
 "id": "5a43d7a3-2c47-46b0-a3bc-8ad9842e9584",
 "name": "TypeError",
 "message": "Cannot read property 'id' of undefined",
 "stack": "TypeError: Cannot read property 'id' of undefined\n    at router.get (C:\\Users\\williams.silva\\Documents\\projects\\js\\seubarriga\\src\\routes\\accounts.js:22:43)\n    at Layer.handle [as handle_request] (C:\\Users\\williams.silva\\Documents\\projects\\js\\seubarriga\\node_modules\\express\\lib\\router\\layer.js:95:5)\n    at next (C:\\Users\\williams.silva\\Documents\\projects\\js\\seubarriga\\node_modules\\express\\lib\\router\\route.js:137:13)\n    at Route.dispatch (C:\\Users\\williams.silva\\Documents\\projects\\js\\seubarriga\\node_modules\\express\\lib\\router\\route.js:112:3)\n    at Layer.handle [as handle_request] (C:\\Users\\williams.silva\\Documents\\projects\\js\\seubarriga\\node_modules\\express\\lib\\router\\layer.js:95:5)\n    at C:\\Users\\williams.silva\\Documents\\projects\\js\\seubarriga\\node_modules\\express\\lib\\router\\index.js:281:22\n    at Function.process_params (C:\\Users\\williams.silva\\Documents\\projects\\js\\seubarriga\\node_modules\\express\\lib\\router\\index.js:335:12)\n    at next (C:\\Users\\williams.silva\\Documents\\projects\\js\\seubarriga\\node_modules\\express\\lib\\router\\index.js:275:10)\n    at Function.handle (C:\\Users\\williams.silva\\Documents\\projects\\js\\seubarriga\\node_modules\\express\\lib\\router\\index.js:174:3)\n    at router (C:\\Users\\williams.silva\\Documents\\projects\\js\\seubarriga\\node_modules\\express\\lib\\router\\index.js:47:12)\n    at Layer.handle [as handle_request] (C:\\Users\\williams.silva\\Documents\\projects\\js\\seubarriga\\node_modules\\express\\lib\\router\\layer.js:95:5)\n    at trim_prefix (C:\\Users\\williams.silva\\Documents\\projects\\js\\seubarriga\\node_modules\\express\\lib\\router\\index.js:317:13)\n    at C:\\Users\\williams.silva\\Documents\\projects\\js\\seubarriga\\node_modules\\express\\lib\\router\\index.js:284:7\n    at Function.process_params (C:\\Users\\williams.silva\\Documents\\projects\\js\\seubarriga\\node_modules\\express\\lib\\router\\index.js:335:12)\n    at next (C:\\Users\\williams.silva\\Documents\\projects\\js\\seubarriga\\node_modules\\express\\lib\\router\\index.js:275:10)\n    at Function.handle (C:\\Users\\williams.silva\\Documents\\projects\\js\\seubarriga\\node_modules\\express\\lib\\router\\index.js:174:3)",
 "level": "warn",
 "timestamp": "2019-04-25T17:07:41.777Z"
}
{
 "id": "a11089cd-be16-4dd4-b8e2-5eba3971a803",
 "name": "TypeError",
 "message": "Cannot read property 'id' of undefined",
 "stack": "TypeError: Cannot read property 'id' of undefined\n    at router.get (C:\\Users\\williams.silva\\Documents\\projects\\js\\seubarriga\\src\\routes\\accounts.js:22:43)\n    at Layer.handle [as handle_request] (C:\\Users\\williams.silva\\Documents\\projects\\js\\seubarriga\\node_modules\\express\\lib\\router\\layer.js:95:5)\n    at next (C:\\Users\\williams.silva\\Documents\\projects\\js\\seubarriga\\node_modules\\express\\lib\\router\\route.js:137:13)\n    at Route.dispatch (C:\\Users\\williams.silva\\Documents\\projects\\js\\seubarriga\\node_modules\\express\\lib\\router\\route.js:112:3)\n    at Layer.handle [as handle_request] (C:\\Users\\williams.silva\\Documents\\projects\\js\\seubarriga\\node_modules\\express\\lib\\router\\layer.js:95:5)\n    at C:\\Users\\williams.silva\\Documents\\projects\\js\\seubarriga\\node_modules\\express\\lib\\router\\index.js:281:22\n    at Function.process_params (C:\\Users\\williams.silva\\Documents\\projects\\js\\seubarriga\\node_modules\\express\\lib\\router\\index.js:335:12)\n    at next (C:\\Users\\williams.silva\\Documents\\projects\\js\\seubarriga\\node_modules\\express\\lib\\router\\index.js:275:10)\n    at Function.handle (C:\\Users\\williams.silva\\Documents\\projects\\js\\seubarriga\\node_modules\\express\\lib\\router\\index.js:174:3)\n    at router (C:\\Users\\williams.silva\\Documents\\projects\\js\\seubarriga\\node_modules\\express\\lib\\router\\index.js:47:12)\n    at Layer.handle [as handle_request] (C:\\Users\\williams.silva\\Documents\\projects\\js\\seubarriga\\node_modules\\express\\lib\\router\\layer.js:95:5)\n    at trim_prefix (C:\\Users\\williams.silva\\Documents\\projects\\js\\seubarriga\\node_modules\\express\\lib\\router\\index.js:317:13)\n    at C:\\Users\\williams.silva\\Documents\\projects\\js\\seubarriga\\node_modules\\express\\lib\\router\\index.js:284:7\n    at Function.process_params (C:\\Users\\williams.silva\\Documents\\projects\\js\\seubarriga\\node_modules\\express\\lib\\router\\index.js:335:12)\n    at next (C:\\Users\\williams.silva\\Documents\\projects\\js\\seubarriga\\node_modules\\express\\lib\\router\\index.js:275:10)\n    at Function.handle (C:\\Users\\williams.silva\\Documents\\projects\\js\\seubarriga\\node_modules\\express\\lib\\router\\index.js:174:3)",
 "level": "warn",
 "timestamp": "2019-04-25T17:07:57.397Z"
}
